

times in msec
 clock   self+sourced   self:  sourced script
 clock   elapsed:              other lines

000.040  000.040: --- NVIM STARTING ---
000.093  000.053: event init
000.271  000.178: early init
020.245  019.974: locale set
020.331  000.086: init first window
020.874  000.543: inits 1
021.030  000.157: window checked
021.041  000.011: parsing arguments
022.422  000.317  000.317: require('vim.shared')
023.116  000.272  000.272: require('vim._meta')
023.125  000.693  000.421: require('vim._editor')
023.129  001.143  000.133: require('vim._init_packages')
023.143  000.959: init lua interpreter
023.615  000.471: expanding arguments
023.660  000.046: inits 2
024.266  000.605: init highlight
024.270  000.004: waiting for UI
024.445  000.175: done waiting for UI
024.454  000.009: clear screen
024.811  000.357: init default mappings & autocommands
026.272  000.176  000.176: sourcing C:\tools\neovim\nvim-win64\share\nvim\runtime\ftplugin.vim
026.582  000.072  000.072: sourcing C:\tools\neovim\nvim-win64\share\nvim\runtime\indent.vim
027.688  000.438  000.438: require('config')
029.069  001.109  001.109: require('lazy')
029.167  000.055  000.055: require('ffi')
029.449  000.274  000.274: require('vim.loader')
029.757  000.185  000.185: require('vim.fs')
029.998  000.447  000.262: require('lazy.stats')
030.440  000.225  000.225: require('lazy.core.util')
030.624  000.176  000.176: require('lazy.core.config')
030.994  000.183  000.183: require('lazy.core.handler')
031.197  000.196  000.196: require('lazy.core.plugin')
031.215  000.585  000.207: require('lazy.core.loader')
031.916  000.140  000.140: require('plugins.alpha')
032.258  000.319  000.319: require('plugins.lualine')
032.483  000.188  000.188: require('plugins.telescope')
032.813  000.155  000.155: require('lazy.core.handler.cmd')
032.961  000.139  000.139: require('lazy.core.handler.event')
033.094  000.126  000.126: require('lazy.core.handler.ft')
033.287  000.186  000.186: require('lazy.core.handler.keys')
034.345  000.837  000.837: sourcing C:\tools\neovim\nvim-win64\share\nvim\runtime/filetype.lua
034.959  000.189  000.189: sourcing C:\tools\neovim\nvim-win64\share\nvim\runtime/plugin/editorconfig.lua
035.548  000.396  000.396: sourcing C:\tools\neovim\nvim-win64\share\nvim\runtime/plugin/gzip.vim
035.771  000.032  000.032: sourcing C:\tools\neovim\nvim-win64\share\nvim\runtime/plugin/health.vim
036.154  000.208  000.208: sourcing C:\tools\neovim\nvim-win64\share\nvim\runtime/plugin/man.lua
037.808  000.420  000.420: sourcing C:\tools\neovim\nvim-win64\share\nvim\runtime\pack\dist\opt\matchit\plugin\matchit.vim
038.054  001.711  001.291: sourcing C:\tools\neovim\nvim-win64\share\nvim\runtime/plugin/matchit.vim
038.491  000.251  000.251: sourcing C:\tools\neovim\nvim-win64\share\nvim\runtime/plugin/matchparen.vim
039.403  000.717  000.717: sourcing C:\tools\neovim\nvim-win64\share\nvim\runtime/plugin/netrwPlugin.vim
039.777  000.161  000.161: sourcing C:\tools\neovim\nvim-win64\share\nvim\runtime/plugin/nvim.lua
040.491  000.515  000.515: sourcing C:\tools\neovim\nvim-win64\share\nvim\runtime/plugin/rplugin.vim
040.946  000.131  000.131: sourcing C:\tools\neovim\nvim-win64\share\nvim\runtime/plugin/shada.vim
041.347  000.071  000.071: sourcing C:\tools\neovim\nvim-win64\share\nvim\runtime/plugin/spellfile.vim
041.812  000.231  000.231: sourcing C:\tools\neovim\nvim-win64\share\nvim\runtime/plugin/tarPlugin.vim
042.682  000.364  000.364: sourcing C:\tools\neovim\nvim-win64\share\nvim\runtime/plugin/tohtml.vim
043.255  000.078  000.078: sourcing C:\tools\neovim\nvim-win64\share\nvim\runtime/plugin/tutor.vim
043.786  000.317  000.317: sourcing C:\tools\neovim\nvim-win64\share\nvim\runtime/plugin/zipPlugin.vim
045.036  017.337  007.005: require('lazyBootstrap')
045.047  017.949  000.174: sourcing C:\Users\juntama\AppData\Local\nvim\init.lua
045.089  002.082: sourcing vimrc file(s)
046.224  000.262  000.262: sourcing C:\tools\neovim\nvim-win64\share\nvim\runtime\filetype.lua
046.908  000.141  000.141: sourcing C:\tools\neovim\nvim-win64\share\nvim\runtime\syntax\synload.vim
047.113  000.621  000.480: sourcing C:\tools\neovim\nvim-win64\share\nvim\runtime\syntax\syntax.vim
047.135  001.163: inits 3
050.024  002.889: reading ShaDa
050.298  000.274: opening buffers
050.323  000.025: BufEnter autocommands
050.327  000.004: editing files in windows
051.454  000.071  000.071: sourcing C:/Users/juntama/AppData/Local/nvim-data/lazy/nvim-web-devicons/plugin/nvim-web-devicons.vim
053.056  000.028  000.028: require('vim.F')
053.070  001.483  001.455: require('alpha')
053.273  000.199  000.199: require('alpha.themes.dashboard')
055.063  000.224  000.224: require('lualine_require')
055.682  002.202  001.979: require('lualine')
056.900  000.323  000.323: require('lualine.highlight')
061.733  000.192  000.192: require('lualine.utils.mode')
067.760  000.060  000.060: require('vim.keymap')
070.613  000.175  000.175: require('vim.version')
073.774  018.741: VimEnter autocommands
073.805  000.031: UIEnter autocommands
075.825  002.021: before starting main loop
076.328  000.503: first screen update
076.334  000.006: --- NVIM STARTED ---


times in msec
 clock   self+sourced   self:  sourced script
 clock   elapsed:              other lines

000.162  000.162: --- NVIM STARTING ---
000.262  000.099: event init
000.690  000.428: early init
021.218  020.528: locale set
021.346  000.128: init first window
022.153  000.807: inits 1
022.570  000.417: window checked
022.583  000.013: parsing arguments
024.135  000.433  000.433: require('vim.shared')
024.980  000.328  000.328: require('vim._meta')
024.987  000.841  000.513: require('vim._editor')
024.991  001.447  000.173: require('vim._init_packages')
025.005  000.976: init lua interpreter
028.624  003.619: expanding arguments
028.705  000.081: inits 2
029.383  000.677: init highlight


times in msec
 clock   self+sourced   self:  sourced script
 clock   elapsed:              other lines

000.027  000.027: --- NVIM STARTING ---
000.090  000.063: event init
000.276  000.186: early init
024.683  024.407: locale set
024.838  000.155: init first window
025.572  000.734: inits 1
025.795  000.223: window checked
025.810  000.015: parsing arguments
028.155  000.418  000.418: require('vim.shared')
029.165  000.366  000.366: require('vim._meta')
029.174  000.979  000.614: require('vim._editor')
029.181  001.659  000.262: require('vim._init_packages')
029.218  001.749: init lua interpreter
029.835  000.617: expanding arguments
029.916  000.082: inits 2
030.639  000.723: init highlight
030.649  000.009: waiting for UI
030.947  000.298: done waiting for UI
030.962  000.016: clear screen
031.294  000.331: init default mappings & autocommands
039.132  000.203  000.203: sourcing C:\tools\neovim\nvim-win64\share\nvim\runtime\ftplugin.vim
047.187  000.113  000.113: sourcing C:\tools\neovim\nvim-win64\share\nvim\runtime\indent.vim
056.043  004.489  004.489: require('config')
067.851  006.923  006.923: require('lazy')
067.931  000.031  000.031: require('ffi')
068.223  000.284  000.284: require('vim.loader')
068.544  000.191  000.191: require('vim.fs')
075.468  007.137  006.946: require('lazy.stats')
081.086  005.333  005.333: require('lazy.core.util')
085.784  004.683  004.683: require('lazy.core.config')
098.746  007.003  007.003: require('lazy.core.handler')
103.680  004.918  004.918: require('lazy.core.plugin')
103.710  017.913  005.992: require('lazy.core.loader')
110.960  006.414  006.414: require('plugins.alpha')
115.840  004.823  004.823: require('plugins.colorscheme')
116.811  000.930  000.930: require('plugins.lualine')
117.589  000.740  000.740: require('plugins.mason')
122.264  004.657  004.657: require('plugins.mason-lspconfig')
127.026  004.728  004.728: require('plugins.noice')
131.060  004.001  004.001: require('plugins.telescope')
135.790  004.486  004.486: require('lazy.core.handler.cmd')
145.058  004.894  004.894: require('lazy.core.handler.event')
145.073  009.267  004.373: require('lazy.core.handler.ft')
150.189  005.109  005.109: require('lazy.core.handler.keys')
161.777  005.604  005.604: sourcing C:\tools\neovim\nvim-win64\share\nvim\runtime/filetype.lua
171.065  004.689  004.689: sourcing C:\tools\neovim\nvim-win64\share\nvim\runtime/plugin/editorconfig.lua
178.550  000.485  000.485: sourcing C:\tools\neovim\nvim-win64\share\nvim\runtime/plugin/gzip.vim
183.781  000.067  000.067: sourcing C:\tools\neovim\nvim-win64\share\nvim\runtime/plugin/health.vim
193.931  004.674  004.674: sourcing C:\tools\neovim\nvim-win64\share\nvim\runtime/plugin/man.lua
203.725  000.513  000.513: sourcing C:\tools\neovim\nvim-win64\share\nvim\runtime\pack\dist\opt\matchit\plugin\matchit.vim
204.071  009.286  008.773: sourcing C:\tools\neovim\nvim-win64\share\nvim\runtime/plugin/matchit.vim
211.563  000.308  000.308: sourcing C:\tools\neovim\nvim-win64\share\nvim\runtime/plugin/matchparen.vim
220.334  000.810  000.810: sourcing C:\tools\neovim\nvim-win64\share\nvim\runtime/plugin/netrwPlugin.vim
229.850  004.559  004.559: sourcing C:\tools\neovim\nvim-win64\share\nvim\runtime/plugin/nvim.lua
231.537  000.621  000.621: sourcing C:\tools\neovim\nvim-win64\share\nvim\runtime/plugin/rplugin.vim
238.352  000.247  000.247: sourcing C:\tools\neovim\nvim-win64\share\nvim\runtime/plugin/shada.vim
244.539  000.128  000.128: sourcing C:\tools\neovim\nvim-win64\share\nvim\runtime/plugin/spellfile.vim
249.852  000.264  000.264: sourcing C:\tools\neovim\nvim-win64\share\nvim\runtime/plugin/tarPlugin.vim
258.608  000.219  000.219: sourcing C:\tools\neovim\nvim-win64\share\nvim\runtime/plugin/tohtml.vim
264.948  000.098  000.098: sourcing C:\tools\neovim\nvim-win64\share\nvim\runtime/plugin/tutor.vim
270.779  000.340  000.340: sourcing C:\tools\neovim\nvim-win64\share\nvim\runtime/plugin/zipPlugin.vim
276.472  220.418  100.561: require('lazyBootstrap')
276.485  225.089  000.182: sourcing C:\Users\juntama\AppData\Local\nvim\init.lua
276.533  019.835: sourcing vimrc file(s)
292.050  000.168  000.168: sourcing C:\tools\neovim\nvim-win64\share\nvim\runtime\filetype.lua
305.723  000.210  000.210: sourcing C:\tools\neovim\nvim-win64\share\nvim\runtime\syntax\synload.vim
305.946  007.083  006.873: sourcing C:\tools\neovim\nvim-win64\share\nvim\runtime\syntax\syntax.vim
305.986  022.202: inits 3
309.231  003.244: reading ShaDa
309.529  000.298: opening buffers
309.557  000.028: BufEnter autocommands
309.561  000.005: editing files in windows
451.158  016.335  016.335: require('nord.named_colors')
451.206  052.757  036.422: require('nord.colors')
451.224  099.197  046.440: require('nord.theme')
451.240  139.353  040.155: require('nord.util')
486.399  035.146  035.146: require('bufferline.theme')
486.436  176.631  002.132: require('nord')
498.971  000.116  000.116: sourcing C:/Users/juntama/AppData/Local/nvim-data/lazy/nvim-web-devicons/plugin/nvim-web-devicons.vim
507.665  000.029  000.029: require('vim.F')
507.689  008.417  008.388: require('alpha')
513.122  005.426  005.426: require('alpha.themes.dashboard')
513.439  000.062  000.062: require('vim.keymap')
546.310  029.908  029.908: require('vim.version')
549.473  019.352: VimEnter autocommands
549.506  000.033: UIEnter autocommands
759.326  209.820: before starting main loop
760.203  000.877: first screen update
760.212  000.009: --- NVIM STARTED ---


times in msec
 clock   self+sourced   self:  sourced script
 clock   elapsed:              other lines

000.033  000.033: --- NVIM STARTING ---
000.112  000.079: event init
000.313  000.201: early init
021.276  020.963: locale set
021.471  000.195: init first window
022.463  000.993: inits 1
022.917  000.454: window checked
022.930  000.013: parsing arguments
024.322  000.333  000.333: require('vim.shared')
025.039  000.279  000.279: require('vim._meta')
025.046  000.715  000.436: require('vim._editor')
025.050  001.180  000.133: require('vim._init_packages')
025.064  000.953: init lua interpreter
029.562  004.499: expanding arguments
029.642  000.080: inits 2
030.462  000.820: init highlight


times in msec
 clock   self+sourced   self:  sourced script
 clock   elapsed:              other lines

000.019  000.019: --- NVIM STARTING ---
000.086  000.067: event init
000.279  000.194: early init
021.268  020.988: locale set
021.396  000.128: init first window
022.322  000.926: inits 1
022.538  000.215: window checked
022.568  000.031: parsing arguments
024.250  000.318  000.318: require('vim.shared')
024.951  000.270  000.270: require('vim._meta')
024.964  000.702  000.433: require('vim._editor')
024.968  001.157  000.137: require('vim._init_packages')
024.985  001.259: init lua interpreter
025.477  000.492: expanding arguments
025.518  000.041: inits 2
026.103  000.585: init highlight
026.107  000.004: waiting for UI
026.249  000.142: done waiting for UI
026.256  000.007: clear screen
026.504  000.249: init default mappings & autocommands
033.988  000.126  000.126: sourcing C:\tools\neovim\nvim-win64\share\nvim\runtime\ftplugin.vim
041.268  000.111  000.111: sourcing C:\tools\neovim\nvim-win64\share\nvim\runtime\indent.vim
049.695  004.225  004.225: require('config')
119.939  065.755  065.755: require('lazy')
120.108  000.079  000.079: require('ffi')
120.923  000.798  000.798: require('vim.loader')
121.746  000.486  000.486: require('vim.fs')
132.799  011.596  011.111: require('lazy.stats')
141.150  007.998  007.998: require('lazy.core.util')
177.604  036.432  036.432: require('lazy.core.config')
300.662  117.358  117.358: require('lazy.core.handler')
317.744  016.990  016.990: require('lazy.core.plugin')
317.824  140.202  005.855: require('lazy.core.loader')
321.210  000.666  000.666: require('plugins.alpha')
322.083  000.728  000.728: require('plugins.cmp')
322.764  000.545  000.545: require('plugins.colorscheme')
322.952  000.171  000.171: require('plugins.fidget')
611.000  005.059  005.059: require('cmp_nvim_lsp.source')
611.018  287.916  282.856: require('cmp_nvim_lsp')
611.027  288.061  000.145: require('plugins.lsp')
611.296  000.244  000.244: require('plugins.lspsaga')
611.538  000.205  000.205: require('plugins.lualine')
611.751  000.168  000.168: require('plugins.noice')
611.931  000.158  000.158: require('plugins.telescope')
612.192  000.240  000.240: require('plugins.treesitter')
643.510  031.008  031.008: require('lazy.core.handler.keys')
649.050  005.511  005.511: require('lazy.core.handler.event')
654.739  005.665  005.665: require('lazy.core.handler.ft')
660.301  005.537  005.537: require('lazy.core.handler.cmd')
686.875  005.838  005.838: sourcing C:\tools\neovim\nvim-win64\share\nvim\runtime/filetype.lua
725.837  001.702  001.702: sourcing C:\Users\juntama\AppData\Local\nvim-data\lazy\iceberg.vim\colors\iceberg.vim
735.522  004.600  004.600: sourcing C:\tools\neovim\nvim-win64\share\nvim\runtime/plugin/editorconfig.lua
742.446  000.435  000.435: sourcing C:\tools\neovim\nvim-win64\share\nvim\runtime/plugin/gzip.vim
746.433  000.053  000.053: sourcing C:\tools\neovim\nvim-win64\share\nvim\runtime/plugin/health.vim
769.174  004.296  004.296: sourcing C:\tools\neovim\nvim-win64\share\nvim\runtime/plugin/man.lua
783.281  000.485  000.485: sourcing C:\tools\neovim\nvim-win64\share\nvim\runtime\pack\dist\opt\matchit\plugin\matchit.vim
783.638  010.417  009.932: sourcing C:\tools\neovim\nvim-win64\share\nvim\runtime/plugin/matchit.vim
792.373  000.339  000.339: sourcing C:\tools\neovim\nvim-win64\share\nvim\runtime/plugin/matchparen.vim
800.840  000.858  000.858: sourcing C:\tools\neovim\nvim-win64\share\nvim\runtime/plugin/netrwPlugin.vim
810.317  004.566  004.566: sourcing C:\tools\neovim\nvim-win64\share\nvim\runtime/plugin/nvim.lua
817.376  000.577  000.577: sourcing C:\tools\neovim\nvim-win64\share\nvim\runtime/plugin/rplugin.vim
823.620  000.199  000.199: sourcing C:\tools\neovim\nvim-win64\share\nvim\runtime/plugin/shada.vim
828.968  000.088  000.088: sourcing C:\tools\neovim\nvim-win64\share\nvim\runtime/plugin/spellfile.vim
849.003  000.307  000.307: sourcing C:\tools\neovim\nvim-win64\share\nvim\runtime/plugin/tarPlugin.vim
856.406  000.212  000.212: sourcing C:\tools\neovim\nvim-win64\share\nvim\runtime/plugin/tohtml.vim
887.097  000.106  000.106: sourcing C:\tools\neovim\nvim-win64\share\nvim\runtime/plugin/tutor.vim
892.161  000.323  000.323: sourcing C:\tools\neovim\nvim-win64\share\nvim\runtime/plugin/zipPlugin.vim
892.354  842.646  205.960: require('lazyBootstrap')
892.360  847.031  000.160: sourcing C:\Users\juntama\AppData\Local\nvim\init.lua
892.398  018.626: sourcing vimrc file(s)
893.437  000.167  000.167: sourcing C:\tools\neovim\nvim-win64\share\nvim\runtime\filetype.lua
905.964  000.178  000.178: sourcing C:\tools\neovim\nvim-win64\share\nvim\runtime\syntax\synload.vim
906.143  006.506  006.329: sourcing C:\tools\neovim\nvim-win64\share\nvim\runtime\syntax\syntax.vim
906.175  007.104: inits 3
952.770  046.595: reading ShaDa
953.081  000.311: opening buffers
953.106  000.025: BufEnter autocommands
953.111  000.005: editing files in windows
1098.743  029.280  029.280: require('nvim-treesitter.utils')
1212.350  008.347  008.347: require('vim.treesitter.language')
1212.386  036.179  027.832: require('vim.treesitter.query')
1218.865  006.469  006.469: require('vim.treesitter._range')
1218.893  089.952  047.303: require('vim.treesitter.languagetree')
1218.909  094.966  005.015: require('vim.treesitter')
1219.531  120.762  025.795: require('nvim-treesitter.parsers')
1273.078  005.843  005.843: require('nvim-treesitter.compat')
1292.201  006.580  006.580: require('nvim-treesitter.ts_utils')
1292.226  019.132  012.552: require('nvim-treesitter.tsrange')
1298.524  006.292  006.292: require('nvim-treesitter.caching')
1298.556  045.579  014.312: require('nvim-treesitter.query')
1298.586  071.271  025.692: require('nvim-treesitter.configs')
1298.593  079.049  007.777: require('nvim-treesitter.info')
1304.993  006.394  006.394: require('nvim-treesitter.shell_command_selectors')
1305.108  263.914  028.429: require('nvim-treesitter.install')
1317.280  012.163  012.163: require('nvim-treesitter.statusline')
1327.281  009.985  009.985: require('nvim-treesitter.query_predicates')
1327.298  309.095  023.033: require('nvim-treesitter')
1327.967  354.920  045.825: sourcing C:/Users/juntama/AppData/Local/nvim-data/lazy/nvim-treesitter/plugin/nvim-treesitter.lua
1339.916  000.114  000.114: sourcing C:/Users/juntama/AppData/Local/nvim-data/lazy/nvim-web-devicons/plugin/nvim-web-devicons.vim
1348.559  000.053  000.053: require('vim.F')
1348.583  008.417  008.364: require('alpha')
1364.992  016.404  016.404: require('alpha.themes.dashboard')
1365.242  000.062  000.062: require('vim.keymap')
1373.630  005.071  005.071: require('vim.version')
1376.382  038.281: VimEnter autocommands
1376.432  000.051: UIEnter autocommands
1407.323  030.890: before starting main loop
1408.007  000.684: first screen update
1408.014  000.007: --- NVIM STARTED ---


times in msec
 clock   self+sourced   self:  sourced script
 clock   elapsed:              other lines

250.286  250.286: --- NVIM STARTING ---
250.520  000.234: event init
251.050  000.530: early init
273.197  022.147: locale set
273.269  000.073: init first window
274.082  000.812: inits 1
274.504  000.422: window checked
274.514  000.010: parsing arguments
275.803  000.332  000.332: require('vim.shared')
276.487  000.265  000.265: require('vim._meta')
276.493  000.682  000.417: require('vim._editor')
276.498  001.127  000.113: require('vim._init_packages')
276.512  000.871: init lua interpreter
280.315  003.804: expanding arguments
280.377  000.061: inits 2
281.039  000.663: init highlight
